------Start of DE processing------ = [2024/12/17 15:27:23:884 JST]
Exception = java.io.FileNotFoundException
Source = com.ibm.ws.annocache.targets.cache.internal.TargetCacheImpl_DataBase
probeid = 815
Stack Dump = java.io.FileNotFoundException: /Users/ryotokatagiri/hands-on/liberty-app2/target/liberty/wlp/usr/servers/defaultServer/workarea/org.eclipse.osgi/42/data/anno/A_liberty01_A/C_liberty01_C.data (No such file or directory)
	at java.base/java.io.FileInputStream.open0(Native Method)
	at java.base/java.io.FileInputStream.open(FileInputStream.java:216)
	at java.base/java.io.FileInputStream.<init>(FileInputStream.java:157)
	at com.ibm.ws.annocache.util.internal.UtilImpl_FileUtils.readFully(UtilImpl_FileUtils.java:460)
	at com.ibm.ws.annocache.util.internal.UtilImpl_ReadBufferFull.<init>(UtilImpl_ReadBufferFull.java:63)
	at com.ibm.ws.annocache.targets.cache.internal.TargetCacheImpl_ReaderBinary.<init>(TargetCacheImpl_ReaderBinary.java:61)
	at com.ibm.ws.annocache.targets.cache.internal.TargetCacheImpl_Factory.createBinaryReader(TargetCacheImpl_Factory.java:329)
	at com.ibm.ws.annocache.targets.cache.internal.TargetCacheImpl_DataBase.createBinaryReader(TargetCacheImpl_DataBase.java:777)
	at com.ibm.ws.annocache.targets.cache.internal.TargetCacheImpl_DataBase.readBinary(TargetCacheImpl_DataBase.java:805)
	at com.ibm.ws.annocache.targets.cache.internal.TargetCacheImpl_DataCon.basicReadCoreData(TargetCacheImpl_DataCon.java:387)
	at com.ibm.ws.annocache.targets.cache.internal.TargetCacheImpl_DataCon.readCoreData(TargetCacheImpl_DataCon.java:234)
	at com.ibm.ws.annocache.targets.internal.TargetsScannerOverallImpl.validInternalContainer(TargetsScannerOverallImpl.java:886)
	at com.ibm.ws.annocache.targets.internal.TargetsScannerOverallImpl.validInternalContainers(TargetsScannerOverallImpl.java:1019)
	at com.ibm.ws.annocache.targets.internal.TargetsScannerOverallImpl.validInternalContainers_Select(TargetsScannerOverallImpl.java:970)
	at com.ibm.ws.annocache.targets.internal.TargetsScannerOverallImpl.validInternalUnresolved(TargetsScannerOverallImpl.java:1562)
	at com.ibm.ws.annocache.targets.internal.TargetsScannerOverallImpl.validInternal(TargetsScannerOverallImpl.java:2086)
	at com.ibm.ws.annocache.targets.internal.AnnotationTargetsImpl_Targets.ensureInternalResults(AnnotationTargetsImpl_Targets.java:730)
	at com.ibm.ws.annocache.targets.internal.AnnotationTargetsImpl_Targets.selectAnnotatedTargets(AnnotationTargetsImpl_Targets.java:1823)
	at com.ibm.ws.annocache.targets.internal.AnnotationTargetsImpl_Targets.getAnnotatedClasses(AnnotationTargetsImpl_Targets.java:1425)
	at com.ibm.ws.container.service.annocache.internal.AnnotationsImpl.checkForWrongPackageCommonAnnotations(AnnotationsImpl.java:772)
	at com.ibm.ws.container.service.annocache.internal.AnnotationsImpl.getTargets(AnnotationsImpl.java:820)
	at com.ibm.ws.container.service.annocache.internal.WebAnnotationsImpl.getFragmentAnnotations(WebAnnotationsImpl.java:279)
	at com.ibm.ws.container.service.annocache.internal.WebAnnotationsImpl.getFragmentAnnotations(WebAnnotationsImpl.java:83)
	at com.ibm.ws.webcontainer.osgi.container.config.WebAppConfiguratorHelper.configureFromAnnotations(WebAppConfiguratorHelper.java:900)
	at com.ibm.ws.webcontainer.osgi.container.config.WebAppConfigurator.configure(WebAppConfigurator.java:463)
	at com.ibm.ws.webcontainer.osgi.container.config.WebAppConfigurationAdapter.adapt(WebAppConfigurationAdapter.java:121)
	at com.ibm.ws.webcontainer.osgi.container.config.WebAppConfigurationAdapter.adapt(WebAppConfigurationAdapter.java:45)
	at com.ibm.ws.adaptable.module.internal.AdapterFactoryServiceImpl.adapt(AdapterFactoryServiceImpl.java:202)
	at com.ibm.ws.adaptable.module.internal.AdaptableContainerImpl.adapt(AdaptableContainerImpl.java:176)
	at com.ibm.ws.webcontainer.osgi.WebContainer.createModuleMetaData(WebContainer.java:872)
	at com.ibm.ws.app.manager.module.internal.ModuleHandlerBase.createModuleMetaData(ModuleHandlerBase.java:65)
	at com.ibm.ws.app.manager.module.internal.SimpleDeployedAppInfoBase$ModuleContainerInfoBase.createModuleMetaData(SimpleDeployedAppInfoBase.java:222)
	at com.ibm.ws.app.manager.module.internal.SimpleDeployedAppInfoBase.preDeployApp(SimpleDeployedAppInfoBase.java:608)
	at com.ibm.ws.app.manager.module.internal.SimpleDeployedAppInfoBase.installApp(SimpleDeployedAppInfoBase.java:584)
	at com.ibm.ws.app.manager.module.internal.DeployedAppInfoBase.deployApp(DeployedAppInfoBase.java:625)
	at com.ibm.ws.app.manager.war.internal.WARApplicationHandlerImpl.install(WARApplicationHandlerImpl.java:67)
	at com.ibm.ws.app.manager.internal.statemachine.StartAction.execute(StartAction.java:199)
	at com.ibm.ws.app.manager.internal.statemachine.ApplicationStateMachineImpl.enterState(ApplicationStateMachineImpl.java:1369)
	at com.ibm.ws.app.manager.internal.statemachine.ApplicationStateMachineImpl.run(ApplicationStateMachineImpl.java:912)
	at com.ibm.ws.threading.internal.ExecutorServiceImpl$RunnableWrapper.run(ExecutorServiceImpl.java:298)
	at java.base/java.util.concurrent.ThreadPoolExecutor.runWorker(ThreadPoolExecutor.java:1136)
	at java.base/java.util.concurrent.ThreadPoolExecutor$Worker.run(ThreadPoolExecutor.java:635)
	at java.base/java.lang.Thread.run(Thread.java:840)

Dump of callerThis
Object type = com.ibm.ws.annocache.targets.cache.internal.TargetCacheImpl_DataCon
  CLASS_NAME = "TargetCacheImpl_DataCon"
  IS_SOURCE = true
  IS_RESULT = false
  DO_READ_STRINGS = true
  DO_READ_FULL = true
  parentData = class com.ibm.ws.annocache.targets.cache.internal.TargetCacheImpl_DataApp@3fa5fe0e
    CLASS_NAME = "TargetCacheImpl_DataApp"
    apps = class com.ibm.ws.annocache.targets.cache.internal.TargetCacheImpl_DataApps@232e62cd
      appsLock = class com.ibm.ws.annocache.targets.cache.internal.TargetCacheImpl_DataApps$AppsLock@c89c113
      apps = class java.util.WeakHashMap@5a06bf7d
      queriesLock = class com.ibm.ws.annocache.targets.cache.internal.TargetCacheImpl_DataApps$QueriesLock@6c12260f
      queries = class java.util.WeakHashMap@23c2d075
      serialVersionUID = -4585599037753860484
      $$$tc$$$ = class com.ibm.websphere.ras.TraceComponent@6a52059e
      CLASS_NAME = "TargetCacheImpl_DataBase"
      logger = class com.ibm.ws.logging.internal.WsLogger@2af3f280
      NO_CHILD_PREFIX = null
      factory = class com.ibm.ws.annocache.targets.cache.internal.TargetCacheImpl_Factory@173ceed0
      cacheOptions = class com.ibm.ws.annocache.targets.cache.internal.TargetCacheImpl_Options@2a8944e4
      name = "anno"
      e_name = "anno"
      dataFile = class java.io.File@61811c47
      DO_TRUNCATE = true
      DO_NOT_TRUNCATE = false
      readTime = 0
      writeTime = 0
      serialVersionUID = -1962529004969074516
    modsLock = class com.ibm.ws.annocache.targets.cache.internal.TargetCacheImpl_DataApp$ModsLock@60066d24
      this$0 = class com.ibm.ws.annocache.targets.cache.internal.TargetCacheImpl_DataApp@3fa5fe0e
      serialVersionUID = 4143249100315767734
      $$$tc$$$ = class com.ibm.websphere.ras.TraceComponent@29a589a7
    mods = class java.util.WeakHashMap@31deaf74
      DEFAULT_INITIAL_CAPACITY = "/* Could not access DEFAULT_INITIAL_CAPACITY */"
      MAXIMUM_CAPACITY = "/* Could not access MAXIMUM_CAPACITY */"
      DEFAULT_LOAD_FACTOR = "/* Could not access DEFAULT_LOAD_FACTOR */"
      table = "/* Could not access table */"
      size = "/* Could not access size */"
      threshold = "/* Could not access threshold */"
      loadFactor = "/* Could not access loadFactor */"
      queue = "/* Could not access queue */"
      modCount = "/* Could not access modCount */"
      NULL_KEY = "/* Could not access NULL_KEY */"
      entrySet = "/* Could not access entrySet */"
      keySet = "/* Could not access keySet */"
      values = "/* Could not access values */"
    consLock = class com.ibm.ws.annocache.targets.cache.internal.TargetCacheImpl_DataApp$ConsLock@43de35e5
      this$0 = class com.ibm.ws.annocache.targets.cache.internal.TargetCacheImpl_DataApp@3fa5fe0e
      serialVersionUID = -6805600967823366081
      $$$tc$$$ = class com.ibm.websphere.ras.TraceComponent@5f1b3173
    cons = class java.util.WeakHashMap@13360f59
      DEFAULT_INITIAL_CAPACITY = "/* Could not access DEFAULT_INITIAL_CAPACITY */"
      MAXIMUM_CAPACITY = "/* Could not access MAXIMUM_CAPACITY */"
      DEFAULT_LOAD_FACTOR = "/* Could not access DEFAULT_LOAD_FACTOR */"
      table = "/* Could not access table */"
      size = "/* Could not access size */"
      threshold = "/* Could not access threshold */"
      loadFactor = "/* Could not access loadFactor */"
      queue = "/* Could not access queue */"
      modCount = "/* Could not access modCount */"
      NULL_KEY = "/* Could not access NULL_KEY */"
      entrySet = "/* Could not access entrySet */"
      keySet = "/* Could not access keySet */"
      values = "/* Could not access values */"
    writePool = null
    serialVersionUID = -7345996219247535380
    $$$tc$$$ = class com.ibm.websphere.ras.TraceComponent@49a67f0e
      strings[0] = "TraceComponent[com.ibm.ws.annocache.targets.cache.internal.TargetCacheImpl_DataApp,class com.ibm.ws.annocache.targets.cache.internal.TargetCacheImpl_DataApp,[com.ibm.ws.annocache],com.ibm.ws.anno.resources.internal.AnnoMessages,null]"
    CLASS_NAME = "TargetCacheImpl_DataBase"
    logger = class com.ibm.ws.logging.internal.WsLogger@2af3f280
    NO_CHILD_PREFIX = null
    factory = class com.ibm.ws.annocache.targets.cache.internal.TargetCacheImpl_Factory@173ceed0
    cacheOptions = class com.ibm.ws.annocache.targets.cache.internal.TargetCacheImpl_Options@2a8944e4
    name = "liberty01"
    e_name = "liberty01"
    dataFile = class java.io.File@400a3f56
      fs = "/* Could not access fs */"
      path = "/* Could not access path */"
      status = "/* Could not access status */"
      prefixLength = "/* Could not access prefixLength */"
      separatorChar = /
      separator = "/"
      pathSeparatorChar = :
      pathSeparator = ":"
      UNSAFE = "/* Could not access UNSAFE */"
      PATH_OFFSET = "/* Could not access PATH_OFFSET */"
      PREFIX_LENGTH_OFFSET = "/* Could not access PREFIX_LENGTH_OFFSET */"
      serialVersionUID = "/* Could not access serialVersionUID */"
      filePath = "/* Could not access filePath */"
      $assertionsDisabled = "/* Could not access $assertionsDisabled */"
    DO_TRUNCATE = true
    DO_NOT_TRUNCATE = false
    readTime = 0
    writeTime = 0
    serialVersionUID = -1962529004969074516
  isSource = true
  stampLink = class com.ibm.ws.annocache.targets.cache.internal.TargetCacheImpl_DataFile@73e9d375
    logger = class com.ibm.ws.logging.internal.WsLogger@2af3f280
    CLASS_NAME = "TargetCacheImpl_DataFile"
    name = "stamp"
    file = class java.io.File@36a8e159
      fs = "/* Could not access fs */"
      path = "/* Could not access path */"
      status = "/* Could not access status */"
      prefixLength = "/* Could not access prefixLength */"
      separatorChar = /
      separator = "/"
      pathSeparatorChar = :
      pathSeparator = ":"
      UNSAFE = "/* Could not access UNSAFE */"
      PATH_OFFSET = "/* Could not access PATH_OFFSET */"
      PREFIX_LENGTH_OFFSET = "/* Could not access PREFIX_LENGTH_OFFSET */"
      serialVersionUID = "/* Could not access serialVersionUID */"
      filePath = "/* Could not access filePath */"
      $assertionsDisabled = "/* Could not access $assertionsDisabled */"
    hasFile = true
    serialVersionUID = 3353894076167142731
  coreDataLink = class com.ibm.ws.annocache.targets.cache.internal.TargetCacheImpl_DataFile@404fb8f3
    logger = class com.ibm.ws.logging.internal.WsLogger@2af3f280
    CLASS_NAME = "TargetCacheImpl_DataFile"
    name = "data"
    file = class java.io.File@15c77c12
      fs = "/* Could not access fs */"
      path = "/* Could not access path */"
      status = "/* Could not access status */"
      prefixLength = "/* Could not access prefixLength */"
      separatorChar = /
      separator = "/"
      pathSeparatorChar = :
      pathSeparator = ":"
      UNSAFE = "/* Could not access UNSAFE */"
      PATH_OFFSET = "/* Could not access PATH_OFFSET */"
      PREFIX_LENGTH_OFFSET = "/* Could not access PREFIX_LENGTH_OFFSET */"
      serialVersionUID = "/* Could not access serialVersionUID */"
      filePath = "/* Could not access filePath */"
      $assertionsDisabled = "/* Could not access $assertionsDisabled */"
    hasFile = true
    serialVersionUID = 3353894076167142731
  targetsTable = class com.ibm.ws.annocache.targets.internal.TargetsTableImpl@3a362e46
    logger = class com.ibm.ws.logging.internal.WsLogger@2af3f280
    stateLogger = class com.ibm.ws.logging.internal.WsLogger@cb6b0ca
      ivCachedResourceBundleName = null
      ivCachedResourceBundle = null
      ivComponent = null
      ivOrganization = null
      ivProduct = null
      ivMinimumLocalizationLevelIntValue = 625
      ivTC = class com.ibm.websphere.ras.TraceComponent@c83c18b
      loggerRegistrationComponent = class java.lang.ThreadLocal@143e7c5e
      emptyHandlers = "/* Could not access emptyHandlers */"
      offValue = "/* Could not access offValue */"
      SYSTEM_LOGGER_RB_NAME = "/* Could not access SYSTEM_LOGGER_RB_NAME */"
      SYSTEM_BUNDLE = "/* Could not access SYSTEM_BUNDLE */"
      NO_RESOURCE_BUNDLE = "/* Could not access NO_RESOURCE_BUNDLE */"
      config = "/* Could not access config */"
      manager = "/* Could not access manager */"
      name = "/* Could not access name */"
      loggerBundle = "/* Could not access loggerBundle */"
      anonymous = "/* Could not access anonymous */"
      catalogRef = "/* Could not access catalogRef */"
      catalogName = "/* Could not access catalogName */"
      catalogLocale = "/* Could not access catalogLocale */"
      treeLock = "/* Could not access treeLock */"
      parent = "/* Could not access parent */"
      kids = "/* Could not access kids */"
      callerModuleRef = "/* Could not access callerModuleRef */"
      isSystemLogger = "/* Could not access isSystemLogger */"
      GLOBAL_LOGGER_NAME = "global"
      global = class java.util.logging.Logger@4bea00ea
    CLASS_NAME = "TargetsTableImpl"
    DO_USE_JANDEX_FORMAT = true
    DO_NOT_USE_JANDEX_FORMAT = false
    factory = class com.ibm.ws.annocache.targets.internal.AnnotationTargetsImpl_Factory@4f63f3f7
      logger = class com.ibm.ws.logging.internal.WsLogger@2af3f280
      CLASS_NAME = "AnnotationTargetsImpl_Factory"
      hashText = "AnnotationTargetsImpl_Factory@4f63f3f7"
      utilFactory = class com.ibm.ws.annocache.util.internal.UtilImpl_Factory@641a65e
      cacheFactory = class com.ibm.ws.annocache.targets.cache.internal.TargetCacheImpl_Factory@173ceed0
      serialVersionUID = -680523507960924164
    classNameInternMap = class com.ibm.ws.annocache.util.internal.UtilImpl_InternMap@2a89b3bf
      logger = class com.ibm.ws.logging.internal.WsLogger@5cfcfe26
      stateLogger = class com.ibm.ws.logging.internal.WsLogger@2daf7ec9
      CLASS_NAME = "UtilImpl_InternMap"
      DEFAULT_LOG_THRESHHOLD = 4096
      logThreshHold = 4096
      factory = class com.ibm.ws.annocache.util.internal.UtilImpl_Factory@641a65e
      valueType = class com.ibm.wsspi.anno.util.Util_InternMap$ValueType@7c665e54
      checkValues = false
      name = "classes and package names"
      internMap = class java.util.HashMap@3d05df9e
      lastReportedLength = 0
      totalLength = 177
      serialVersionUID = -1074462789641188197
    fieldNameInternMap = class com.ibm.ws.annocache.util.internal.UtilImpl_InternMap@16db8b59
      logger = class com.ibm.ws.logging.internal.WsLogger@5cfcfe26
      stateLogger = class com.ibm.ws.logging.internal.WsLogger@2daf7ec9
      CLASS_NAME = "UtilImpl_InternMap"
      DEFAULT_LOG_THRESHHOLD = 4096
      logThreshHold = 4096
      factory = class com.ibm.ws.annocache.util.internal.UtilImpl_Factory@641a65e
      valueType = class com.ibm.wsspi.anno.util.Util_InternMap$ValueType@326a082
      checkValues = false
      name = "field names"
      internMap = class java.util.HashMap@373f041c
      lastReportedLength = 0
      totalLength = 0
      serialVersionUID = -1074462789641188197
    methodSignatureInternMap = class com.ibm.ws.annocache.util.internal.UtilImpl_InternMap@17d953bd
      logger = class com.ibm.ws.logging.internal.WsLogger@5cfcfe26
      stateLogger = class com.ibm.ws.logging.internal.WsLogger@2daf7ec9
      CLASS_NAME = "UtilImpl_InternMap"
      DEFAULT_LOG_THRESHHOLD = 4096
      logThreshHold = 4096
      factory = class com.ibm.ws.annocache.util.internal.UtilImpl_Factory@641a65e
      valueType = class com.ibm.wsspi.anno.util.Util_InternMap$ValueType@e13ba5d
      checkValues = false
      name = "method signatures"
      internMap = class java.util.HashMap@73ccc7ce
      lastReportedLength = 0
      totalLength = 0
      serialVersionUID = -1074462789641188197
    classSourceName = "liberty01"
    usedJandex = false
    stampTable = class com.ibm.ws.annocache.targets.internal.TargetsTableTimeStampImpl@2e50916c
      logger = class com.ibm.ws.logging.internal.WsLogger@2af3f280
      CLASS_NAME = "TargetsTableTimeStampImpl"
      name = "liberty01"
      stamp = "** UNAVAILABLE **"
      serialVersionUID = 395351968331335069
    classTable = class com.ibm.ws.annocache.targets.internal.TargetsTableClassesImpl@49a3cb52
      logger = class com.ibm.ws.logging.internal.WsLogger@2af3f280
      stateLogger = class com.ibm.ws.logging.internal.WsLogger@cb6b0ca
      CLASS_NAME = "TargetsTableClassesImpl"
      utilFactory = class com.ibm.ws.annocache.util.internal.UtilImpl_Factory@641a65e
      classNameInternMap = class com.ibm.ws.annocache.util.internal.UtilImpl_InternMap@2a89b3bf
      classSourceName = "liberty01"
      i_packageNames = class java.util.IdentityHashMap@4638e0ba
      i_classNames = class java.util.IdentityHashMap@2f32af1e
      i_superclassNames = class java.util.IdentityHashMap@3c6039f7
      i_interfaceNames = class java.util.IdentityHashMap@29076b02
      i_modifiers = class java.util.IdentityHashMap@28bb63a8
      didSetImplementers = false
      i_allImplementers = class java.util.IdentityHashMap@124b63fe
      didSetDescendents = false
      i_descendants = class java.util.IdentityHashMap@2f594fc1
      serialVersionUID = -2470573593932801832
    annotationTable = class com.ibm.ws.annocache.targets.internal.TargetsTableAnnotationsImpl@368107c
      logger = class com.ibm.ws.logging.internal.WsLogger@2af3f280
      CLASS_NAME = "TargetsTableAnnotationsImpl"
      utilFactory = class com.ibm.ws.annocache.util.internal.UtilImpl_Factory@641a65e
      classNameInternMap = class com.ibm.ws.annocache.util.internal.UtilImpl_InternMap@2a89b3bf
      i_packageAnnotations = class com.ibm.ws.annocache.util.internal.UtilImpl_BidirectionalMap@3d147e53
      i_classAnnotations = class com.ibm.ws.annocache.util.internal.UtilImpl_BidirectionalMap@4ec1ec7a
      i_fieldAnnotations = class com.ibm.ws.annocache.util.internal.UtilImpl_BidirectionalMap@7dc32cf
      i_methodAnnotations = class com.ibm.ws.annocache.util.internal.UtilImpl_BidirectionalMap@629e42b2
      serialVersionUID = -8256792063361529996
    useJandexFormat = false
    jandexIndex = null
    serialVersionUID = -723486692696209194
  serialVersionUID = -989788161649446190
  $$$tc$$$ = class com.ibm.websphere.ras.TraceComponent@14abc58b
    strings[0] = "TraceComponent[com.ibm.ws.annocache.targets.cache.internal.TargetCacheImpl_DataCon,class com.ibm.ws.annocache.targets.cache.internal.TargetCacheImpl_DataCon,[com.ibm.ws.annocache],com.ibm.ws.anno.resources.internal.AnnoMessages,null]"
  CLASS_NAME = "TargetCacheImpl_DataBase"
  logger = class com.ibm.ws.logging.internal.WsLogger@2af3f280
    ivCachedResourceBundleName = null
    ivCachedResourceBundle = null
    ivComponent = null
    ivOrganization = null
    ivProduct = null
    ivMinimumLocalizationLevelIntValue = 625
    ivTC = class com.ibm.websphere.ras.TraceComponent@5391649c
      strings[0] = "TraceComponent[com.ibm.ws.annocache,class com.ibm.ws.annocache.service.internal.AnnotationCacheServiceImpl_Logging,[com.ibm.ws.annocache],null,null]"
    loggerRegistrationComponent = class java.lang.ThreadLocal@143e7c5e
      threadLocalHashCode = "/* Could not access threadLocalHashCode */"
      nextHashCode = "/* Could not access nextHashCode */"
      HASH_INCREMENT = "/* Could not access HASH_INCREMENT */"
    emptyHandlers = "/* Could not access emptyHandlers */"
    offValue = "/* Could not access offValue */"
    SYSTEM_LOGGER_RB_NAME = "/* Could not access SYSTEM_LOGGER_RB_NAME */"
    SYSTEM_BUNDLE = "/* Could not access SYSTEM_BUNDLE */"
    NO_RESOURCE_BUNDLE = "/* Could not access NO_RESOURCE_BUNDLE */"
    config = "/* Could not access config */"
    manager = "/* Could not access manager */"
    name = "/* Could not access name */"
    loggerBundle = "/* Could not access loggerBundle */"
    anonymous = "/* Could not access anonymous */"
    catalogRef = "/* Could not access catalogRef */"
    catalogName = "/* Could not access catalogName */"
    catalogLocale = "/* Could not access catalogLocale */"
    treeLock = "/* Could not access treeLock */"
    parent = "/* Could not access parent */"
    kids = "/* Could not access kids */"
    callerModuleRef = "/* Could not access callerModuleRef */"
    isSystemLogger = "/* Could not access isSystemLogger */"
    GLOBAL_LOGGER_NAME = "global"
    global = class java.util.logging.Logger@4bea00ea
      emptyHandlers = "/* Could not access emptyHandlers */"
      offValue = "/* Could not access offValue */"
      SYSTEM_LOGGER_RB_NAME = "/* Could not access SYSTEM_LOGGER_RB_NAME */"
      SYSTEM_BUNDLE = "/* Could not access SYSTEM_BUNDLE */"
      NO_RESOURCE_BUNDLE = "/* Could not access NO_RESOURCE_BUNDLE */"
      config = "/* Could not access config */"
      manager = "/* Could not access manager */"
      name = "/* Could not access name */"
      loggerBundle = "/* Could not access loggerBundle */"
      anonymous = "/* Could not access anonymous */"
      catalogRef = "/* Could not access catalogRef */"
      catalogName = "/* Could not access catalogName */"
      catalogLocale = "/* Could not access catalogLocale */"
      treeLock = "/* Could not access treeLock */"
      parent = "/* Could not access parent */"
      kids = "/* Could not access kids */"
      callerModuleRef = "/* Could not access callerModuleRef */"
      isSystemLogger = "/* Could not access isSystemLogger */"
      GLOBAL_LOGGER_NAME = "global"
      global = class java.util.logging.Logger@4bea00ea
  NO_CHILD_PREFIX = null
  factory = class com.ibm.ws.annocache.targets.cache.internal.TargetCacheImpl_Factory@173ceed0
    CLASS_NAME = "TargetCacheImpl_Factory"
    logger = class com.ibm.ws.logging.internal.WsLogger@2af3f280
    cacheLock = class com.ibm.ws.annocache.targets.cache.internal.TargetCacheImpl_Factory$CacheLock@4a61173
      this$0 = class com.ibm.ws.annocache.targets.cache.internal.TargetCacheImpl_Factory@173ceed0
      serialVersionUID = 6021328190923696080
      $$$tc$$$ = class com.ibm.websphere.ras.TraceComponent@4bf11367
    options = class com.ibm.ws.annocache.targets.cache.internal.TargetCacheImpl_Options@2a8944e4
    cache = class com.ibm.ws.annocache.targets.cache.internal.TargetCacheImpl_DataApps@232e62cd
    serialVersionUID = 5093082359796750295
  cacheOptions = class com.ibm.ws.annocache.targets.cache.internal.TargetCacheImpl_Options@2a8944e4
    disabled = false
    dir = "/Users/ryotokatagiri/hands-on/liberty-app2/target/liberty/wlp/usr/servers/defaultServer/workarea/org.eclipse.osgi/42/data/anno"
    readOnly = false
    alwaysValid = false
    writeThreads = 1
    writeLimit = 16
    useJandexFormat = false
    useBinaryFormat = true
    logQueries = false
    serialVersionUID = 4710076764835013493
    $$$tc$$$ = class com.ibm.websphere.ras.TraceComponent@ca7fa19
      strings[0] = "TraceComponent[com.ibm.ws.annocache.targets.cache.internal.TargetCacheImpl_Options,class com.ibm.ws.annocache.targets.cache.internal.TargetCacheImpl_Options,[com.ibm.ws.annocache],com.ibm.ws.anno.resources.internal.AnnoMessages,null]"
  name = "liberty01"
  e_name = "liberty01"
  dataFile = class java.io.File@21461bed
    fs = "/* Could not access fs */"
    path = "/* Could not access path */"
    status = "/* Could not access status */"
    prefixLength = "/* Could not access prefixLength */"
    separatorChar = /
    separator = "/"
    pathSeparatorChar = :
    pathSeparator = ":"
    UNSAFE = "/* Could not access UNSAFE */"
    PATH_OFFSET = "/* Could not access PATH_OFFSET */"
    PREFIX_LENGTH_OFFSET = "/* Could not access PREFIX_LENGTH_OFFSET */"
    serialVersionUID = "/* Could not access serialVersionUID */"
    filePath = "/* Could not access filePath */"
    $assertionsDisabled = "/* Could not access $assertionsDisabled */"
  DO_TRUNCATE = true
  DO_NOT_TRUNCATE = false
  readTime = 585292
  writeTime = 0
  serialVersionUID = -1962529004969074516

Dump of objectArray[0]
Object type = java.io.File
  fs = "/* Could not access fs */"
  path = "/* Could not access path */"
  status = "/* Could not access status */"
  prefixLength = "/* Could not access prefixLength */"
  separatorChar = /
  separator = "/"
  pathSeparatorChar = :
  pathSeparator = ":"
  UNSAFE = "/* Could not access UNSAFE */"
  PATH_OFFSET = "/* Could not access PATH_OFFSET */"
  PREFIX_LENGTH_OFFSET = "/* Could not access PREFIX_LENGTH_OFFSET */"
  serialVersionUID = "/* Could not access serialVersionUID */"
  filePath = "/* Could not access filePath */"
  $assertionsDisabled = "/* Could not access $assertionsDisabled */"

Dump of objectArray[1]
Object type = java.lang.Boolean
  TRUE = true
  FALSE = false
  TYPE = class java.lang.Class@76707e36
    ANNOTATION = "/* Could not access ANNOTATION */"
    ENUM = "/* Could not access ENUM */"
    SYNTHETIC = "/* Could not access SYNTHETIC */"
    cachedConstructor = "/* Could not access cachedConstructor */"
    name = "/* Could not access name */"
    module = "/* Could not access module */"
    packageName = "/* Could not access packageName */"
    componentType = "/* Could not access componentType */"
    allPermDomain = "/* Could not access allPermDomain */"
    reflectionData = "/* Could not access reflectionData */"
    classRedefinedCount = "/* Could not access classRedefinedCount */"
    genericInfo = "/* Could not access genericInfo */"
    EMPTY_CLASS_ARRAY = "/* Could not access EMPTY_CLASS_ARRAY */"
    serialVersionUID = "/* Could not access serialVersionUID */"
    serialPersistentFields = "/* Could not access serialPersistentFields */"
    reflectionFactory = "/* Could not access reflectionFactory */"
    enumConstants = "/* Could not access enumConstants */"
    enumConstantDirectory = "/* Could not access enumConstantDirectory */"
    annotationData = "/* Could not access annotationData */"
    annotationType = "/* Could not access annotationType */"
    classValueMap = "/* Could not access classValueMap */"
  value = "/* Could not access value */"
  serialVersionUID = "/* Could not access serialVersionUID */"

Dump of objectArray[2]
Object type = java.lang.Boolean
  TRUE = true
  FALSE = false
  TYPE = class java.lang.Class@76707e36
    ANNOTATION = "/* Could not access ANNOTATION */"
    ENUM = "/* Could not access ENUM */"
    SYNTHETIC = "/* Could not access SYNTHETIC */"
    cachedConstructor = "/* Could not access cachedConstructor */"
    name = "/* Could not access name */"
    module = "/* Could not access module */"
    packageName = "/* Could not access packageName */"
    componentType = "/* Could not access componentType */"
    allPermDomain = "/* Could not access allPermDomain */"
    reflectionData = "/* Could not access reflectionData */"
    classRedefinedCount = "/* Could not access classRedefinedCount */"
    genericInfo = "/* Could not access genericInfo */"
    EMPTY_CLASS_ARRAY = "/* Could not access EMPTY_CLASS_ARRAY */"
    serialVersionUID = "/* Could not access serialVersionUID */"
    serialPersistentFields = "/* Could not access serialPersistentFields */"
    reflectionFactory = "/* Could not access reflectionFactory */"
    enumConstants = "/* Could not access enumConstants */"
    enumConstantDirectory = "/* Could not access enumConstantDirectory */"
    annotationData = "/* Could not access annotationData */"
    annotationType = "/* Could not access annotationType */"
    classValueMap = "/* Could not access classValueMap */"
  value = "/* Could not access value */"
  serialVersionUID = "/* Could not access serialVersionUID */"

Dump of objectArray[3]
Object type = com.ibm.ws.annocache.targets.cache.internal.TargetCacheImpl_DataCon$4
  val$targetData = class com.ibm.ws.annocache.targets.internal.TargetsTableImpl@60400bdd
    logger = class com.ibm.ws.logging.internal.WsLogger@2af3f280
    stateLogger = class com.ibm.ws.logging.internal.WsLogger@cb6b0ca
      ivCachedResourceBundleName = null
      ivCachedResourceBundle = null
      ivComponent = null
      ivOrganization = null
      ivProduct = null
      ivMinimumLocalizationLevelIntValue = 625
      ivTC = class com.ibm.websphere.ras.TraceComponent@c83c18b
      loggerRegistrationComponent = class java.lang.ThreadLocal@143e7c5e
      emptyHandlers = "/* Could not access emptyHandlers */"
      offValue = "/* Could not access offValue */"
      SYSTEM_LOGGER_RB_NAME = "/* Could not access SYSTEM_LOGGER_RB_NAME */"
      SYSTEM_BUNDLE = "/* Could not access SYSTEM_BUNDLE */"
      NO_RESOURCE_BUNDLE = "/* Could not access NO_RESOURCE_BUNDLE */"
      config = "/* Could not access config */"
      manager = "/* Could not access manager */"
      name = "/* Could not access name */"
      loggerBundle = "/* Could not access loggerBundle */"
      anonymous = "/* Could not access anonymous */"
      catalogRef = "/* Could not access catalogRef */"
      catalogName = "/* Could not access catalogName */"
      catalogLocale = "/* Could not access catalogLocale */"
      treeLock = "/* Could not access treeLock */"
      parent = "/* Could not access parent */"
      kids = "/* Could not access kids */"
      callerModuleRef = "/* Could not access callerModuleRef */"
      isSystemLogger = "/* Could not access isSystemLogger */"
      GLOBAL_LOGGER_NAME = "global"
      global = class java.util.logging.Logger@4bea00ea
    CLASS_NAME = "TargetsTableImpl"
    DO_USE_JANDEX_FORMAT = true
    DO_NOT_USE_JANDEX_FORMAT = false
    factory = class com.ibm.ws.annocache.targets.internal.AnnotationTargetsImpl_Factory@4f63f3f7
      logger = class com.ibm.ws.logging.internal.WsLogger@2af3f280
      CLASS_NAME = "AnnotationTargetsImpl_Factory"
      hashText = "AnnotationTargetsImpl_Factory@4f63f3f7"
      utilFactory = class com.ibm.ws.annocache.util.internal.UtilImpl_Factory@641a65e
      cacheFactory = class com.ibm.ws.annocache.targets.cache.internal.TargetCacheImpl_Factory@173ceed0
      serialVersionUID = -680523507960924164
    classNameInternMap = class com.ibm.ws.annocache.util.internal.UtilImpl_InternMap@21d5fb99
      logger = class com.ibm.ws.logging.internal.WsLogger@5cfcfe26
      stateLogger = class com.ibm.ws.logging.internal.WsLogger@2daf7ec9
      CLASS_NAME = "UtilImpl_InternMap"
      DEFAULT_LOG_THRESHHOLD = 4096
      logThreshHold = 4096
      factory = class com.ibm.ws.annocache.util.internal.UtilImpl_Factory@641a65e
      valueType = class com.ibm.wsspi.anno.util.Util_InternMap$ValueType@7c665e54
      checkValues = false
      name = "classes and package names"
      internMap = class java.util.HashMap@1f3891ce
      lastReportedLength = 0
      totalLength = 0
      serialVersionUID = -1074462789641188197
    fieldNameInternMap = class com.ibm.ws.annocache.util.internal.UtilImpl_InternMap@1db78f4
      logger = class com.ibm.ws.logging.internal.WsLogger@5cfcfe26
      stateLogger = class com.ibm.ws.logging.internal.WsLogger@2daf7ec9
      CLASS_NAME = "UtilImpl_InternMap"
      DEFAULT_LOG_THRESHHOLD = 4096
      logThreshHold = 4096
      factory = class com.ibm.ws.annocache.util.internal.UtilImpl_Factory@641a65e
      valueType = class com.ibm.wsspi.anno.util.Util_InternMap$ValueType@326a082
      checkValues = false
      name = "field names"
      internMap = class java.util.HashMap@14b8f972
      lastReportedLength = 0
      totalLength = 0
      serialVersionUID = -1074462789641188197
    methodSignatureInternMap = class com.ibm.ws.annocache.util.internal.UtilImpl_InternMap@64157909
      logger = class com.ibm.ws.logging.internal.WsLogger@5cfcfe26
      stateLogger = class com.ibm.ws.logging.internal.WsLogger@2daf7ec9
      CLASS_NAME = "UtilImpl_InternMap"
      DEFAULT_LOG_THRESHHOLD = 4096
      logThreshHold = 4096
      factory = class com.ibm.ws.annocache.util.internal.UtilImpl_Factory@641a65e
      valueType = class com.ibm.wsspi.anno.util.Util_InternMap$ValueType@e13ba5d
      checkValues = false
      name = "method signatures"
      internMap = class java.util.HashMap@b26fc1d
      lastReportedLength = 0
      totalLength = 0
      serialVersionUID = -1074462789641188197
    classSourceName = "liberty01"
    usedJandex = false
    stampTable = class com.ibm.ws.annocache.targets.internal.TargetsTableTimeStampImpl@4eb88b5
      logger = class com.ibm.ws.logging.internal.WsLogger@2af3f280
      CLASS_NAME = "TargetsTableTimeStampImpl"
      name = "liberty01"
      stamp = "** UNAVAILABLE **"
      serialVersionUID = 395351968331335069
    classTable = class com.ibm.ws.annocache.targets.internal.TargetsTableClassesImpl@aeca282
      logger = class com.ibm.ws.logging.internal.WsLogger@2af3f280
      stateLogger = class com.ibm.ws.logging.internal.WsLogger@cb6b0ca
      CLASS_NAME = "TargetsTableClassesImpl"
      utilFactory = class com.ibm.ws.annocache.util.internal.UtilImpl_Factory@641a65e
      classNameInternMap = class com.ibm.ws.annocache.util.internal.UtilImpl_InternMap@21d5fb99
      classSourceName = "liberty01"
      i_packageNames = class java.util.IdentityHashMap@474e0cbc
      i_classNames = class java.util.IdentityHashMap@28594e65
      i_superclassNames = class java.util.IdentityHashMap@2bcf2172
      i_interfaceNames = class java.util.IdentityHashMap@70226324
      i_modifiers = class java.util.IdentityHashMap@473eba70
      didSetImplementers = false
      i_allImplementers = class java.util.IdentityHashMap@2576ee94
      didSetDescendents = false
      i_descendants = class java.util.IdentityHashMap@77608ff9
      serialVersionUID = -2470573593932801832
    annotationTable = class com.ibm.ws.annocache.targets.internal.TargetsTableAnnotationsImpl@502a77f3
      logger = class com.ibm.ws.logging.internal.WsLogger@2af3f280
      CLASS_NAME = "TargetsTableAnnotationsImpl"
      utilFactory = class com.ibm.ws.annocache.util.internal.UtilImpl_Factory@641a65e
      classNameInternMap = class com.ibm.ws.annocache.util.internal.UtilImpl_InternMap@21d5fb99
      i_packageAnnotations = class com.ibm.ws.annocache.util.internal.UtilImpl_BidirectionalMap@26673caf
      i_classAnnotations = class com.ibm.ws.annocache.util.internal.UtilImpl_BidirectionalMap@347764b9
      i_fieldAnnotations = class com.ibm.ws.annocache.util.internal.UtilImpl_BidirectionalMap@471b2a89
      i_methodAnnotations = class com.ibm.ws.annocache.util.internal.UtilImpl_BidirectionalMap@143b2871
      serialVersionUID = -8256792063361529996
    useJandexFormat = false
    jandexIndex = null
    serialVersionUID = -723486692696209194
  this$0 = class com.ibm.ws.annocache.targets.cache.internal.TargetCacheImpl_DataCon@2eaa9521
    CLASS_NAME = "TargetCacheImpl_DataCon"
    IS_SOURCE = true
    IS_RESULT = false
    DO_READ_STRINGS = true
    DO_READ_FULL = true
    parentData = class com.ibm.ws.annocache.targets.cache.internal.TargetCacheImpl_DataApp@3fa5fe0e
      CLASS_NAME = "TargetCacheImpl_DataApp"
      apps = class com.ibm.ws.annocache.targets.cache.internal.TargetCacheImpl_DataApps@232e62cd
      modsLock = class com.ibm.ws.annocache.targets.cache.internal.TargetCacheImpl_DataApp$ModsLock@60066d24
      mods = class java.util.WeakHashMap@31deaf74
      consLock = class com.ibm.ws.annocache.targets.cache.internal.TargetCacheImpl_DataApp$ConsLock@43de35e5
      cons = class java.util.WeakHashMap@13360f59
      writePool = null
      serialVersionUID = -7345996219247535380
      $$$tc$$$ = class com.ibm.websphere.ras.TraceComponent@49a67f0e
      CLASS_NAME = "TargetCacheImpl_DataBase"
      logger = class com.ibm.ws.logging.internal.WsLogger@2af3f280
      NO_CHILD_PREFIX = null
      factory = class com.ibm.ws.annocache.targets.cache.internal.TargetCacheImpl_Factory@173ceed0
      cacheOptions = class com.ibm.ws.annocache.targets.cache.internal.TargetCacheImpl_Options@2a8944e4
      name = "liberty01"
      e_name = "liberty01"
      dataFile = class java.io.File@400a3f56
      DO_TRUNCATE = true
      DO_NOT_TRUNCATE = false
      readTime = 0
      writeTime = 0
      serialVersionUID = -1962529004969074516
    isSource = true
    stampLink = class com.ibm.ws.annocache.targets.cache.internal.TargetCacheImpl_DataFile@73e9d375
      logger = class com.ibm.ws.logging.internal.WsLogger@2af3f280
      CLASS_NAME = "TargetCacheImpl_DataFile"
      name = "stamp"
      file = class java.io.File@36a8e159
      hasFile = true
      serialVersionUID = 3353894076167142731
    coreDataLink = class com.ibm.ws.annocache.targets.cache.internal.TargetCacheImpl_DataFile@404fb8f3
      logger = class com.ibm.ws.logging.internal.WsLogger@2af3f280
      CLASS_NAME = "TargetCacheImpl_DataFile"
      name = "data"
      file = class java.io.File@15c77c12
      hasFile = true
      serialVersionUID = 3353894076167142731
    targetsTable = class com.ibm.ws.annocache.targets.internal.TargetsTableImpl@3a362e46
      logger = class com.ibm.ws.logging.internal.WsLogger@2af3f280
      stateLogger = class com.ibm.ws.logging.internal.WsLogger@cb6b0ca
      CLASS_NAME = "TargetsTableImpl"
      DO_USE_JANDEX_FORMAT = true
      DO_NOT_USE_JANDEX_FORMAT = false
      factory = class com.ibm.ws.annocache.targets.internal.AnnotationTargetsImpl_Factory@4f63f3f7
      classNameInternMap = class com.ibm.ws.annocache.util.internal.UtilImpl_InternMap@2a89b3bf
      fieldNameInternMap = class com.ibm.ws.annocache.util.internal.UtilImpl_InternMap@16db8b59
      methodSignatureInternMap = class com.ibm.ws.annocache.util.internal.UtilImpl_InternMap@17d953bd
      classSourceName = "liberty01"
      usedJandex = false
      stampTable = class com.ibm.ws.annocache.targets.internal.TargetsTableTimeStampImpl@2e50916c
      classTable = class com.ibm.ws.annocache.targets.internal.TargetsTableClassesImpl@49a3cb52
      annotationTable = class com.ibm.ws.annocache.targets.internal.TargetsTableAnnotationsImpl@368107c
      useJandexFormat = false
      jandexIndex = null
      serialVersionUID = -723486692696209194
    serialVersionUID = -989788161649446190
    $$$tc$$$ = class com.ibm.websphere.ras.TraceComponent@14abc58b
      strings[0] = "TraceComponent[com.ibm.ws.annocache.targets.cache.internal.TargetCacheImpl_DataCon,class com.ibm.ws.annocache.targets.cache.internal.TargetCacheImpl_DataCon,[com.ibm.ws.annocache],com.ibm.ws.anno.resources.internal.AnnoMessages,null]"
    CLASS_NAME = "TargetCacheImpl_DataBase"
    logger = class com.ibm.ws.logging.internal.WsLogger@2af3f280
      ivCachedResourceBundleName = null
      ivCachedResourceBundle = null
      ivComponent = null
      ivOrganization = null
      ivProduct = null
      ivMinimumLocalizationLevelIntValue = 625
      ivTC = class com.ibm.websphere.ras.TraceComponent@5391649c
      loggerRegistrationComponent = class java.lang.ThreadLocal@143e7c5e
      emptyHandlers = "/* Could not access emptyHandlers */"
      offValue = "/* Could not access offValue */"
      SYSTEM_LOGGER_RB_NAME = "/* Could not access SYSTEM_LOGGER_RB_NAME */"
      SYSTEM_BUNDLE = "/* Could not access SYSTEM_BUNDLE */"
      NO_RESOURCE_BUNDLE = "/* Could not access NO_RESOURCE_BUNDLE */"
      config = "/* Could not access config */"
      manager = "/* Could not access manager */"
      name = "/* Could not access name */"
      loggerBundle = "/* Could not access loggerBundle */"
      anonymous = "/* Could not access anonymous */"
      catalogRef = "/* Could not access catalogRef */"
      catalogName = "/* Could not access catalogName */"
      catalogLocale = "/* Could not access catalogLocale */"
      treeLock = "/* Could not access treeLock */"
      parent = "/* Could not access parent */"
      kids = "/* Could not access kids */"
      callerModuleRef = "/* Could not access callerModuleRef */"
      isSystemLogger = "/* Could not access isSystemLogger */"
      GLOBAL_LOGGER_NAME = "global"
      global = class java.util.logging.Logger@4bea00ea
    NO_CHILD_PREFIX = null
    factory = class com.ibm.ws.annocache.targets.cache.internal.TargetCacheImpl_Factory@173ceed0
      CLASS_NAME = "TargetCacheImpl_Factory"
      logger = class com.ibm.ws.logging.internal.WsLogger@2af3f280
      cacheLock = class com.ibm.ws.annocache.targets.cache.internal.TargetCacheImpl_Factory$CacheLock@4a61173
      options = class com.ibm.ws.annocache.targets.cache.internal.TargetCacheImpl_Options@2a8944e4
      cache = class com.ibm.ws.annocache.targets.cache.internal.TargetCacheImpl_DataApps@232e62cd
      serialVersionUID = 5093082359796750295
    cacheOptions = class com.ibm.ws.annocache.targets.cache.internal.TargetCacheImpl_Options@2a8944e4
      disabled = false
      dir = "/Users/ryotokatagiri/hands-on/liberty-app2/target/liberty/wlp/usr/servers/defaultServer/workarea/org.eclipse.osgi/42/data/anno"
      readOnly = false
      alwaysValid = false
      writeThreads = 1
      writeLimit = 16
      useJandexFormat = false
      useBinaryFormat = true
      logQueries = false
      serialVersionUID = 4710076764835013493
      $$$tc$$$ = class com.ibm.websphere.ras.TraceComponent@ca7fa19
    name = "liberty01"
    e_name = "liberty01"
    dataFile = class java.io.File@21461bed
      fs = "/* Could not access fs */"
      path = "/* Could not access path */"
      status = "/* Could not access status */"
      prefixLength = "/* Could not access prefixLength */"
      separatorChar = /
      separator = "/"
      pathSeparatorChar = :
      pathSeparator = ":"
      UNSAFE = "/* Could not access UNSAFE */"
      PATH_OFFSET = "/* Could not access PATH_OFFSET */"
      PREFIX_LENGTH_OFFSET = "/* Could not access PREFIX_LENGTH_OFFSET */"
      serialVersionUID = "/* Could not access serialVersionUID */"
      filePath = "/* Could not access filePath */"
      $assertionsDisabled = "/* Could not access $assertionsDisabled */"
    DO_TRUNCATE = true
    DO_NOT_TRUNCATE = false
    readTime = 585292
    writeTime = 0
    serialVersionUID = -1962529004969074516
  serialVersionUID = -5008191246161616575
  $$$tc$$$ = class com.ibm.websphere.ras.TraceComponent@23e80ad6
    strings[0] = "TraceComponent[com.ibm.ws.annocache.targets.cache.internal.TargetCacheImpl_DataCon$4,class com.ibm.ws.annocache.targets.cache.internal.TargetCacheImpl_DataCon$4,[com.ibm.ws.annocache],com.ibm.ws.anno.resources.internal.AnnoMessages,null]"

